Flow report for KS
Tue Jan 10 20:34:25 2017
Quartus II 64-Bit Version 13.0.0 Build 156 04/24/2013 SJ Full Version


---------------------
; Table of Contents ;
---------------------
  1. Legal Notice
  2. Flow Summary
  3. Flow Settings
  4. Flow Non-Default Global Settings
  5. Flow Elapsed Time
  6. Flow OS Summary
  7. Flow Log
  8. Flow Messages
  9. Flow Suppressed Messages



----------------
; Legal Notice ;
----------------
Copyright (C) 1991-2013 Altera Corporation
Your use of Altera Corporation's design tools, logic functions 
and other software and tools, and its AMPP partner logic 
functions, and any output files from any of the foregoing 
(including device programming or simulation files), and any 
associated documentation or information are expressly subject 
to the terms and conditions of the Altera Program License 
Subscription Agreement, Altera MegaCore Function License 
Agreement, or other applicable license agreement, including, 
without limitation, that your use is for the sole purpose of 
programming logic devices manufactured by Altera and sold by 
Altera or its authorized distributors.  Please refer to the 
applicable agreement for further details.



+----------------------------------------------------------------------------------+
; Flow Summary                                                                     ;
+------------------------------------+---------------------------------------------+
; Flow Status                        ; Successful - Tue Jan 10 20:34:25 2017       ;
; Quartus II 64-Bit Version          ; 13.0.0 Build 156 04/24/2013 SJ Full Version ;
; Revision Name                      ; KS                                          ;
; Top-level Entity Name              ; KS                                          ;
; Family                             ; Cyclone IV E                                ;
; Device                             ; EP4CE15F17C8                                ;
; Timing Models                      ; Final                                       ;
; Total logic elements               ; 2,093                                       ;
;     Total combinational functions  ; 1,963                                       ;
;     Dedicated logic registers      ; 343                                         ;
; Total registers                    ; 343                                         ;
; Total pins                         ; 13                                          ;
; Total virtual pins                 ; 0                                           ;
; Total memory bits                  ; 49,152                                      ;
; Embedded Multiplier 9-bit elements ; 11                                          ;
; Total PLLs                         ; 0                                           ;
+------------------------------------+---------------------------------------------+


+-----------------------------------------+
; Flow Settings                           ;
+-------------------+---------------------+
; Option            ; Setting             ;
+-------------------+---------------------+
; Start date & time ; 01/10/2017 20:34:04 ;
; Main task         ; Compilation         ;
; Revision Name     ; KS                  ;
+-------------------+---------------------+


+--------------------------------------------------------------------------------------------------------------------------------------+
; Flow Non-Default Global Settings                                                                                                     ;
+--------------------------------------+------------------------------------------------+---------------+-------------+----------------+
; Assignment Name                      ; Value                                          ; Default Value ; Entity Name ; Section Id     ;
+--------------------------------------+------------------------------------------------+---------------+-------------+----------------+
; COMPILER_SIGNATURE_ID                ; 189262215064831.148405164402160                ; --            ; --          ; --             ;
; EDA_DESIGN_INSTANCE_NAME             ; NA                                             ; --            ; --          ; tb_squ_wave    ;
; EDA_NATIVELINK_SIMULATION_TEST_BENCH ; tb_squ_wave                                    ; --            ; --          ; eda_simulation ;
; EDA_OUTPUT_DATA_FORMAT               ; Verilog Hdl                                    ; --            ; --          ; eda_simulation ;
; EDA_SIMULATION_TOOL                  ; ModelSim-Altera (Verilog)                      ; <None>        ; --          ; --             ;
; EDA_TEST_BENCH_ENABLE_STATUS         ; TEST_BENCH_MODE                                ; --            ; --          ; eda_simulation ;
; EDA_TEST_BENCH_FILE                  ; simulation/tb_squ_wave.v                       ; --            ; --          ; tb_squ_wave    ;
; EDA_TEST_BENCH_MODULE_NAME           ; tb_squ_wave                                    ; --            ; --          ; tb_squ_wave    ;
; EDA_TEST_BENCH_NAME                  ; tb_squ_wave                                    ; --            ; --          ; eda_simulation ;
; EDA_TEST_BENCH_RUN_SIM_FOR           ; 1 s                                            ; --            ; --          ; tb_squ_wave    ;
; EDA_TIME_SCALE                       ; 1 ps                                           ; --            ; --          ; eda_simulation ;
; ENABLE_SIGNALTAP                     ; Off                                            ; --            ; --          ; --             ;
; IP_TOOL_NAME                         ; ROM: 1-PORT                                    ; --            ; --          ; --             ;
; IP_TOOL_NAME                         ; ROM: 1-PORT                                    ; --            ; --          ; --             ;
; IP_TOOL_NAME                         ; ROM: 1-PORT                                    ; --            ; --          ; --             ;
; IP_TOOL_NAME                         ; ROM: 1-PORT                                    ; --            ; --          ; --             ;
; IP_TOOL_NAME                         ; ROM: 1-PORT                                    ; --            ; --          ; --             ;
; IP_TOOL_NAME                         ; ROM: 1-PORT                                    ; --            ; --          ; --             ;
; IP_TOOL_NAME                         ; ROM: 1-PORT                                    ; --            ; --          ; --             ;
; IP_TOOL_NAME                         ; LPM_MULT                                       ; --            ; --          ; --             ;
; IP_TOOL_NAME                         ; LPM_MULT                                       ; --            ; --          ; --             ;
; IP_TOOL_NAME                         ; LPM_MULT                                       ; --            ; --          ; --             ;
; IP_TOOL_NAME                         ; LPM_MULT                                       ; --            ; --          ; --             ;
; IP_TOOL_NAME                         ; LPM_MULT                                       ; --            ; --          ; --             ;
; IP_TOOL_NAME                         ; LPM_MULT                                       ; --            ; --          ; --             ;
; IP_TOOL_NAME                         ; LPM_MULT                                       ; --            ; --          ; --             ;
; IP_TOOL_NAME                         ; LPM_MULT                                       ; --            ; --          ; --             ;
; IP_TOOL_NAME                         ; LPM_DIVIDE                                     ; --            ; --          ; --             ;
; IP_TOOL_NAME                         ; LPM_MULT                                       ; --            ; --          ; --             ;
; IP_TOOL_NAME                         ; LPM_DIVIDE                                     ; --            ; --          ; --             ;
; IP_TOOL_NAME                         ; LPM_MULT                                       ; --            ; --          ; --             ;
; IP_TOOL_NAME                         ; LPM_DIVIDE                                     ; --            ; --          ; --             ;
; IP_TOOL_VERSION                      ; 13.0                                           ; --            ; --          ; --             ;
; IP_TOOL_VERSION                      ; 13.0                                           ; --            ; --          ; --             ;
; IP_TOOL_VERSION                      ; 13.0                                           ; --            ; --          ; --             ;
; IP_TOOL_VERSION                      ; 13.0                                           ; --            ; --          ; --             ;
; IP_TOOL_VERSION                      ; 13.0                                           ; --            ; --          ; --             ;
; IP_TOOL_VERSION                      ; 13.0                                           ; --            ; --          ; --             ;
; IP_TOOL_VERSION                      ; 13.0                                           ; --            ; --          ; --             ;
; IP_TOOL_VERSION                      ; 13.0                                           ; --            ; --          ; --             ;
; IP_TOOL_VERSION                      ; 13.0                                           ; --            ; --          ; --             ;
; IP_TOOL_VERSION                      ; 13.0                                           ; --            ; --          ; --             ;
; IP_TOOL_VERSION                      ; 13.0                                           ; --            ; --          ; --             ;
; IP_TOOL_VERSION                      ; 13.0                                           ; --            ; --          ; --             ;
; IP_TOOL_VERSION                      ; 13.0                                           ; --            ; --          ; --             ;
; IP_TOOL_VERSION                      ; 13.0                                           ; --            ; --          ; --             ;
; IP_TOOL_VERSION                      ; 13.0                                           ; --            ; --          ; --             ;
; IP_TOOL_VERSION                      ; 13.0                                           ; --            ; --          ; --             ;
; IP_TOOL_VERSION                      ; 13.0                                           ; --            ; --          ; --             ;
; IP_TOOL_VERSION                      ; 13.0                                           ; --            ; --          ; --             ;
; IP_TOOL_VERSION                      ; 13.0                                           ; --            ; --          ; --             ;
; IP_TOOL_VERSION                      ; 13.0                                           ; --            ; --          ; --             ;
; MAX_CORE_JUNCTION_TEMP               ; 85                                             ; --            ; --          ; --             ;
; MIN_CORE_JUNCTION_TEMP               ; 0                                              ; --            ; --          ; --             ;
; MISC_FILE                            ; src/IPcore/delta/delta_rom_bb.v                ; --            ; --          ; --             ;
; MISC_FILE                            ; src/IPcore/sin/sin_rom_bb.v                    ; --            ; --          ; --             ;
; MISC_FILE                            ; src/IPcore/squ/squ_rom_bb.v                    ; --            ; --          ; --             ;
; MISC_FILE                            ; src/IPcore/upxie/upxie_rom_bb.v                ; --            ; --          ; --             ;
; MISC_FILE                            ; src/IPcore/downxie/downxie_rom_bb.v            ; --            ; --          ; --             ;
; MISC_FILE                            ; src/IPcore/noise/noise_rom_bb.v                ; --            ; --          ; --             ;
; MISC_FILE                            ; src/IPcore/sinx_x/sinx_x_rom_bb.v              ; --            ; --          ; --             ;
; MISC_FILE                            ; src/IPcore/X100000/X100000_inst.v              ; --            ; --          ; --             ;
; MISC_FILE                            ; src/IPcore/X100000/X100000_bb.v                ; --            ; --          ; --             ;
; MISC_FILE                            ; src/IPcore/X10000/X10000_inst.v                ; --            ; --          ; --             ;
; MISC_FILE                            ; src/IPcore/X10000/X10000_bb.v                  ; --            ; --          ; --             ;
; MISC_FILE                            ; src/IPcore/X1000/X1000_inst.v                  ; --            ; --          ; --             ;
; MISC_FILE                            ; src/IPcore/X1000/X1000_bb.v                    ; --            ; --          ; --             ;
; MISC_FILE                            ; src/IPcore/X100/X100_inst.v                    ; --            ; --          ; --             ;
; MISC_FILE                            ; src/IPcore/X100/X100_bb.v                      ; --            ; --          ; --             ;
; MISC_FILE                            ; src/IPcore/X10/X10_inst.v                      ; --            ; --          ; --             ;
; MISC_FILE                            ; src/IPcore/X10/X10_bb.v                        ; --            ; --          ; --             ;
; MISC_FILE                            ; src/IPcore/frq_jisuan/frq_jisuan_inst.v        ; --            ; --          ; --             ;
; MISC_FILE                            ; src/IPcore/frq_jisuan/frq_jisuan_bb.v          ; --            ; --          ; --             ;
; MISC_FILE                            ; src/IPcore/pha_calc/pha_jisuan_inst.v          ; --            ; --          ; --             ;
; MISC_FILE                            ; src/IPcore/pha_calc/pha_jisuan_bb.v            ; --            ; --          ; --             ;
; MISC_FILE                            ; src/IPcore/duty_calc/duty_jisuan_inst.v        ; --            ; --          ; --             ;
; MISC_FILE                            ; src/IPcore/duty_calc/duty_jisuan_bb.v          ; --            ; --          ; --             ;
; MISC_FILE                            ; src/IPcore/duty_calc/DIV50M_inst.v             ; --            ; --          ; --             ;
; MISC_FILE                            ; src/IPcore/duty_calc/DIV50M_bb.v               ; --            ; --          ; --             ;
; MISC_FILE                            ; X_DUTY_inst.v                                  ; --            ; --          ; --             ;
; MISC_FILE                            ; X_DUTY_bb.v                                    ; --            ; --          ; --             ;
; MISC_FILE                            ; D_DUTY_inst.v                                  ; --            ; --          ; --             ;
; MISC_FILE                            ; D_DUTY_bb.v                                    ; --            ; --          ; --             ;
; MISC_FILE                            ; src/IPcore/X_AMP_inst.v                        ; --            ; --          ; --             ;
; MISC_FILE                            ; src/IPcore/X_AMP_bb.v                          ; --            ; --          ; --             ;
; MISC_FILE                            ; src/IPcore/D_AMP_inst.v                        ; --            ; --          ; --             ;
; MISC_FILE                            ; src/IPcore/D_AMP_bb.v                          ; --            ; --          ; --             ;
; OUTPUT_IO_TIMING_FAR_END_VMEAS       ; Half Signal Swing                              ; --            ; --          ; --             ;
; OUTPUT_IO_TIMING_FAR_END_VMEAS       ; Half Signal Swing                              ; --            ; --          ; --             ;
; OUTPUT_IO_TIMING_NEAR_END_VMEAS      ; Half Vccio                                     ; --            ; --          ; --             ;
; OUTPUT_IO_TIMING_NEAR_END_VMEAS      ; Half Vccio                                     ; --            ; --          ; --             ;
; PARTITION_COLOR                      ; 16764057                                       ; --            ; --          ; Top            ;
; PARTITION_FITTER_PRESERVATION_LEVEL  ; PLACEMENT_AND_ROUTING                          ; --            ; --          ; Top            ;
; PARTITION_NETLIST_TYPE               ; SOURCE                                         ; --            ; --          ; Top            ;
; POWER_BOARD_THERMAL_MODEL            ; None (CONSERVATIVE)                            ; --            ; --          ; --             ;
; POWER_PRESET_COOLING_SOLUTION        ; 23 MM HEAT SINK WITH 200 LFPM AIRFLOW          ; --            ; --          ; --             ;
; PROJECT_OUTPUT_DIRECTORY             ; output_files                                   ; --            ; --          ; --             ;
; SLD_FILE                             ; F:/FPGA/altera/DDS_KS/DDS_KS_auto_stripped.stp ; --            ; --          ; --             ;
; USE_SIGNALTAP_FILE                   ; DDS_KS.stp                                     ; --            ; --          ; --             ;
+--------------------------------------+------------------------------------------------+---------------+-------------+----------------+


+--------------------------------------------------------------------------------------------------------------------------+
; Flow Elapsed Time                                                                                                        ;
+----------------------+--------------+-------------------------+---------------------+------------------------------------+
; Module Name          ; Elapsed Time ; Average Processors Used ; Peak Virtual Memory ; Total CPU Time (on all processors) ;
+----------------------+--------------+-------------------------+---------------------+------------------------------------+
; Analysis & Synthesis ; 00:00:21     ; 1.0                     ; 561 MB              ; 00:00:20                           ;
; Total                ; 00:00:21     ; --                      ; --                  ; 00:00:20                           ;
+----------------------+--------------+-------------------------+---------------------+------------------------------------+


+-----------------------------------------------------------------------------------+
; Flow OS Summary                                                                   ;
+----------------------+------------------+-----------+------------+----------------+
; Module Name          ; Machine Hostname ; OS Name   ; OS Version ; Processor type ;
+----------------------+------------------+-----------+------------+----------------+
; Analysis & Synthesis ; Doby             ; Windows 7 ; 6.2        ; x86_64         ;
+----------------------+------------------+-----------+------------+----------------+


------------
; Flow Log ;
------------
quartus_map --read_settings_files=on --write_settings_files=off KS -c KS



